# JRE version: Java(TM) SE Runtime Environment (12.0.1+12) (build 12.0.1+12)
# Java VM: Java HotSpot(TM) 64-Bit Server VM (12.0.1+12, mixed mode, sharing, tiered, compressed oops, g1 gc, windows-amd64)
Heap:
 garbage-first heap   total 604160K, used 44678K [0x0000000701e00000, 0x0000000800000000)
  region size 1024K, 1 young (1024K), 1 survivors (1024K)
 Metaspace       used 383K, capacity 4562K, committed 4864K, reserved 1056768K
  class space    used 13K, capacity 386K, committed 512K, reserved 1048576K
GC Heap History (9 events):
Event: 1.338 GC heap before
{Heap before GC invocations=0 (full 0):
 garbage-first heap   total 262144K, used 48128K [0x0000000701e00000, 0x0000000800000000)
  region size 1024K, 12 young (12288K), 0 survivors (0K)
 Metaspace       used 230K, capacity 4562K, committed 4864K, reserved 1056768K
  class space    used 7K, capacity 386K, committed 512K, reserved 1048576K
}
Event: 1.425 GC heap after
{Heap after GC invocations=1 (full 0):
 garbage-first heap   total 262144K, used 37429K [0x0000000701e00000, 0x0000000800000000)
  region size 1024K, 1 young (1024K), 1 survivors (1024K)
 Metaspace       used 230K, capacity 4562K, committed 4864K, reserved 1056768K
  class space    used 7K, capacity 386K, committed 512K, reserved 1048576K
}
Event: 1.624 GC heap before
{Heap before GC invocations=1 (full 0):
 garbage-first heap   total 262144K, used 48693K [0x0000000701e00000, 0x0000000800000000)
  region size 1024K, 12 young (12288K), 1 survivors (1024K)
 Metaspace       used 320K, capacity 4562K, committed 4864K, reserved 1056768K
  class space    used 13K, capacity 386K, committed 512K, reserved 1048576K
}
Event: 1.715 GC heap after
{Heap after GC invocations=2 (full 0):
 garbage-first heap   total 262144K, used 37797K [0x0000000701e00000, 0x0000000800000000)
  region size 1024K, 1 young (1024K), 1 survivors (1024K)
 Metaspace       used 320K, capacity 4562K, committed 4864K, reserved 1056768K
  class space    used 13K, capacity 386K, committed 512K, reserved 1048576K
}
Event: 1.783 GC heap before
{Heap before GC invocations=2 (full 0):
 garbage-first heap   total 262144K, used 55205K [0x0000000701e00000, 0x0000000800000000)
  region size 1024K, 12 young (12288K), 1 survivors (1024K)
 Metaspace       used 320K, capacity 4562K, committed 4864K, reserved 1056768K
  class space    used 13K, capacity 386K, committed 512K, reserved 1048576K
}
Event: 1.870 GC heap after
{Heap after GC invocations=3 (full 0):
 garbage-first heap   total 262144K, used 40577K [0x0000000701e00000, 0x0000000800000000)
  region size 1024K, 1 young (1024K), 1 survivors (1024K)
 Metaspace       used 320K, capacity 4562K, committed 4864K, reserved 1056768K
  class space    used 13K, capacity 386K, committed 512K, reserved 1048576K
}
Event: 1.914 GC heap before
{Heap before GC invocations=3 (full 0):
 garbage-first heap   total 262144K, used 56961K [0x0000000701e00000, 0x0000000800000000)
  region size 1024K, 12 young (12288K), 1 survivors (1024K)
 Metaspace       used 320K, capacity 4562K, committed 4864K, reserved 1056768K
  class space    used 13K, capacity 386K, committed 512K, reserved 1048576K
}
Event: 2.000 GC heap after
{Heap after GC invocations=4 (full 0):
 garbage-first heap   total 262144K, used 42610K [0x0000000701e00000, 0x0000000800000000)
  region size 1024K, 1 young (1024K), 1 survivors (1024K)
 Metaspace       used 320K, capacity 4562K, committed 4864K, reserved 1056768K
  class space    used 13K, capacity 386K, committed 512K, reserved 1048576K
}
Event: 12.100 GC heap before
{Heap before GC invocations=4 (full 0):
 garbage-first heap   total 262144K, used 65138K [0x0000000701e00000, 0x0000000800000000)
  region size 1024K, 12 young (12288K), 1 survivors (1024K)
 Metaspace       used 383K, capacity 4562K, committed 4864K, reserved 1056768K
  class space    used 13K, capacity 386K, committed 512K, reserved 1048576K
}

